app/build/intermediates/manifest_merge_blame_file/debug/processDebugMainManifest/manifest-merger-blame-debug-report.txt
1<?xml version="1.0" encoding="utf-8"?>
2<manifest xmlns:android="http://schemas.android.com/apk/res/android"
3    package="com.example.a24imbeded_sw"
4    android:versionCode="1"
5    android:versionName="1.0" >
6
7    <uses-sdk
7-->INJECTED
8        android:minSdkVersion="26"
8-->INJECTED
9        android:targetSdkVersion="37" />
9-->INJECTED
10
11    <!-- 인터넷 및 알림 권한 설정 -->
12    <uses-permission android:name="android.permission.INTERNET" />
12-->src\main\AndroidManifest.xml:6:5-67
12-->src\main\AndroidManifest.xml:6:22-64
13    <uses-permission android:name="android.permission.POST_NOTIFICATIONS" />
13-->src\main\AndroidManifest.xml:7:5-77
13-->src\main\AndroidManifest.xml:7:22-74
14    <uses-permission android:name="android.permission.ACCESS_NETWORK_STATE" />
14-->[com.google.firebase:firebase-messaging:23.4.0] AndroidManifest.xml:22:5-79
14-->[com.google.firebase:firebase-messaging:23.4.0] AndroidManifest.xml:22:22-76
15    <uses-permission android:name="android.permission.WAKE_LOCK" /> <!-- Required by older versions of Google Play services to create IID tokens -->
15-->[com.google.firebase:firebase-messaging:23.4.0] AndroidManifest.xml:24:5-68
15-->[com.google.firebase:firebase-messaging:23.4.0] AndroidManifest.xml:24:22-65
16    <uses-permission android:name="com.google.android.c2dm.permission.RECEIVE" />
16-->[com.google.firebase:firebase-messaging:23.4.0] AndroidManifest.xml:26:5-82
16-->[com.google.firebase:firebase-messaging:23.4.0] AndroidManifest.xml:26:22-79
17
18    <permission
18-->[androidx.core:core:1.19.0] AndroidManifest.xml:22:5-24:47
19        android:name="com.example.a24imbeded_sw.DYNAMIC_RECEIVER_NOT_EXPORTED_PERMISSION"
19-->[androidx.core:core:1.19.0] AndroidManifest.xml:23:9-81
20        android:protectionLevel="signature" />
20-->[androidx.core:core:1.19.0] AndroidManifest.xml:24:9-44
21
22    <uses-permission android:name="com.example.a24imbeded_sw.DYNAMIC_RECEIVER_NOT_EXPORTED_PERMISSION" />
22-->[androidx.core:core:1.19.0] AndroidManifest.xml:26:5-97
22-->[androidx.core:core:1.19.0] AndroidManifest.xml:26:22-94
23
24    <application
24-->src\main\AndroidManifest.xml:9:5-40:19
25        android:allowBackup="true"
25-->src\main\AndroidManifest.xml:10:9-35
26        android:appComponentFactory="androidx.core.app.CoreComponentFactory"
26-->[androidx.core:core:1.19.0] AndroidManifest.xml:28:18-86
27        android:dataExtractionRules="@xml/data_extraction_rules"
27-->src\main\AndroidManifest.xml:11:9-65
28        android:debuggable="true"
29        android:extractNativeLibs="false"
29-->INJECTED
30        android:fullBackupContent="@xml/backup_rules"
30-->src\main\AndroidManifest.xml:12:9-54
31        android:icon="@mipmap/ic_launcher"
31-->src\main\AndroidManifest.xml:13:9-43
32        android:label="@string/app_name"
32-->src\main\AndroidManifest.xml:14:9-41
33        android:roundIcon="@mipmap/ic_launcher_round"
33-->src\main\AndroidManifest.xml:15:9-54
34        android:supportsRtl="true"
34-->src\main\AndroidManifest.xml:16:9-35
35        android:testOnly="true"
36        android:theme="@style/Theme._24Imbeded_SW_Front_v2" >
36-->src\main\AndroidManifest.xml:17:9-60
37
38        <!-- 1. 메인 액티비티 (테마 이름을 Theme._24Imbeded_SW_Front_v2 로 통일) -->
39        <activity
39-->src\main\AndroidManifest.xml:20:9-29:20
40            android:name="com.example.a24imbeded_sw.MainActivity"
40-->src\main\AndroidManifest.xml:21:13-41
41            android:exported="true"
41-->src\main\AndroidManifest.xml:22:13-36
42            android:label="@string/app_name"
42-->src\main\AndroidManifest.xml:23:13-45
43            android:theme="@style/Theme._24Imbeded_SW_Front_v2" >
43-->src\main\AndroidManifest.xml:24:13-64
44            <intent-filter>
44-->src\main\AndroidManifest.xml:25:13-28:29
45                <action android:name="android.intent.action.MAIN" />
45-->src\main\AndroidManifest.xml:26:17-69
45-->src\main\AndroidManifest.xml:26:25-66
46
47                <category android:name="android.intent.category.LAUNCHER" />
47-->src\main\AndroidManifest.xml:27:17-77
47-->src\main\AndroidManifest.xml:27:27-74
48            </intent-filter>
49        </activity>
50
51        <!-- 2. FCM 푸시 서비스 (백그라운드 알림 수신) -->
52        <service
52-->src\main\AndroidManifest.xml:32:9-38:19
53            android:name="com.example.a24imbeded_sw.MyFirebaseMessagingService"
53-->src\main\AndroidManifest.xml:33:13-55
54            android:exported="false" >
54-->src\main\AndroidManifest.xml:34:13-37
55            <intent-filter>
55-->src\main\AndroidManifest.xml:35:13-37:29
56                <action android:name="com.google.firebase.MESSAGING_EVENT" />
56-->src\main\AndroidManifest.xml:36:17-78
56-->src\main\AndroidManifest.xml:36:25-75
57            </intent-filter>
58        </service>
59
60        <activity
60-->[androidx.compose.ui:ui-tooling-android:1.10.4] AndroidManifest.xml:23:9-25:39
61            android:name="androidx.compose.ui.tooling.PreviewActivity"
61-->[androidx.compose.ui:ui-tooling-android:1.10.4] AndroidManifest.xml:24:13-71
62            android:exported="true" />
62-->[androidx.compose.ui:ui-tooling-android:1.10.4] AndroidManifest.xml:25:13-36
63
64        <service
64-->[com.google.firebase:firebase-messaging-ktx:23.4.0] AndroidManifest.xml:23:9-29:19
65            android:name="com.google.firebase.components.ComponentDiscoveryService"
65-->[com.google.firebase:firebase-messaging-ktx:23.4.0] AndroidManifest.xml:24:13-84
66            android:directBootAware="true"
66-->[com.google.firebase:firebase-common:20.4.2] AndroidManifest.xml:32:13-43
67            android:exported="false" >
67-->[com.google.firebase:firebase-messaging-ktx:23.4.0] AndroidManifest.xml:25:13-37
68            <meta-data
68-->[com.google.firebase:firebase-messaging-ktx:23.4.0] AndroidManifest.xml:26:13-28:85
69                android:name="com.google.firebase.components:com.google.firebase.messaging.ktx.FirebaseMessagingLegacyRegistrar"
69-->[com.google.firebase:firebase-messaging-ktx:23.4.0] AndroidManifest.xml:27:17-129
70                android:value="com.google.firebase.components.ComponentRegistrar" />
70-->[com.google.firebase:firebase-messaging-ktx:23.4.0] AndroidManifest.xml:28:17-82
71            <meta-data
71-->[com.google.firebase:firebase-messaging:23.4.0] AndroidManifest.xml:57:13-59:85
72                android:name="com.google.firebase.components:com.google.firebase.messaging.FirebaseMessagingKtxRegistrar"
72-->[com.google.firebase:firebase-messaging:23.4.0] AndroidManifest.xml:58:17-122
73                android:value="com.google.firebase.components.ComponentRegistrar" />
73-->[com.google.firebase:firebase-messaging:23.4.0] AndroidManifest.xml:59:17-82
74            <meta-data
74-->[com.google.firebase:firebase-messaging:23.4.0] AndroidManifest.xml:60:13-62:85
75                android:name="com.google.firebase.components:com.google.firebase.messaging.FirebaseMessagingRegistrar"
75-->[com.google.firebase:firebase-messaging:23.4.0] AndroidManifest.xml:61:17-119
76                android:value="com.google.firebase.components.ComponentRegistrar" />
76-->[com.google.firebase:firebase-messaging:23.4.0] AndroidManifest.xml:62:17-82
77            <meta-data
77-->[com.google.firebase:firebase-installations:17.2.0] AndroidManifest.xml:15:13-17:85
78                android:name="com.google.firebase.components:com.google.firebase.installations.FirebaseInstallationsKtxRegistrar"
78-->[com.google.firebase:firebase-installations:17.2.0] AndroidManifest.xml:16:17-130
79                android:value="com.google.firebase.components.ComponentRegistrar" />
79-->[com.google.firebase:firebase-installations:17.2.0] AndroidManifest.xml:17:17-82
80            <meta-data
80-->[com.google.firebase:firebase-installations:17.2.0] AndroidManifest.xml:18:13-20:85
81                android:name="com.google.firebase.components:com.google.firebase.installations.FirebaseInstallationsRegistrar"
81-->[com.google.firebase:firebase-installations:17.2.0] AndroidManifest.xml:19:17-127
82                android:value="com.google.firebase.components.ComponentRegistrar" />
82-->[com.google.firebase:firebase-installations:17.2.0] AndroidManifest.xml:20:17-82
83            <meta-data
83-->[com.google.firebase:firebase-common-ktx:20.4.2] AndroidManifest.xml:12:13-14:85
84                android:name="com.google.firebase.components:com.google.firebase.ktx.FirebaseCommonLegacyRegistrar"
84-->[com.google.firebase:firebase-common-ktx:20.4.2] AndroidManifest.xml:13:17-116
85                android:value="com.google.firebase.components.ComponentRegistrar" />
85-->[com.google.firebase:firebase-common-ktx:20.4.2] AndroidManifest.xml:14:17-82
86            <meta-data
86-->[com.google.firebase:firebase-common:20.4.2] AndroidManifest.xml:35:13-37:85
87                android:name="com.google.firebase.components:com.google.firebase.FirebaseCommonKtxRegistrar"
87-->[com.google.firebase:firebase-common:20.4.2] AndroidManifest.xml:36:17-109
88                android:value="com.google.firebase.components.ComponentRegistrar" />
88-->[com.google.firebase:firebase-common:20.4.2] AndroidManifest.xml:37:17-82
89            <meta-data
89-->[com.google.firebase:firebase-datatransport:18.1.7] AndroidManifest.xml:27:13-29:85
90                android:name="com.google.firebase.components:com.google.firebase.datatransport.TransportRegistrar"
90-->[com.google.firebase:firebase-datatransport:18.1.7] AndroidManifest.xml:28:17-115
91                android:value="com.google.firebase.components.ComponentRegistrar" />
91-->[com.google.firebase:firebase-datatransport:18.1.7] AndroidManifest.xml:29:17-82
92        </service>
93
94        <receiver
94-->[com.google.firebase:firebase-messaging:23.4.0] AndroidManifest.xml:29:9-40:20
95            android:name="com.google.firebase.iid.FirebaseInstanceIdReceiver"
95-->[com.google.firebase:firebase-messaging:23.4.0] AndroidManifest.xml:30:13-78
96            android:exported="true"
96-->[com.google.firebase:firebase-messaging:23.4.0] AndroidManifest.xml:31:13-36
97            android:permission="com.google.android.c2dm.permission.SEND" >
97-->[com.google.firebase:firebase-messaging:23.4.0] AndroidManifest.xml:32:13-73
98            <intent-filter>
98-->[com.google.firebase:firebase-messaging:23.4.0] AndroidManifest.xml:33:13-35:29
99                <action android:name="com.google.android.c2dm.intent.RECEIVE" />
99-->[com.google.firebase:firebase-messaging:23.4.0] AndroidManifest.xml:34:17-81
99-->[com.google.firebase:firebase-messaging:23.4.0] AndroidManifest.xml:34:25-78
100            </intent-filter>
101
102            <meta-data
102-->[com.google.firebase:firebase-messaging:23.4.0] AndroidManifest.xml:37:13-39:40
103                android:name="com.google.android.gms.cloudmessaging.FINISHED_AFTER_HANDLED"
103-->[com.google.firebase:firebase-messaging:23.4.0] AndroidManifest.xml:38:17-92
104                android:value="true" />
104-->[com.google.firebase:firebase-messaging:23.4.0] AndroidManifest.xml:39:17-37
105        </receiver>
106        <!--
107             FirebaseMessagingService performs security checks at runtime,
108             but set to not exported to explicitly avoid allowing another app to call it.
109        -->
110        <service
110-->[com.google.firebase:firebase-messaging:23.4.0] AndroidManifest.xml:46:9-53:19
111            android:name="com.google.firebase.messaging.FirebaseMessagingService"
111-->[com.google.firebase:firebase-messaging:23.4.0] AndroidManifest.xml:47:13-82
112            android:directBootAware="true"
112-->[com.google.firebase:firebase-messaging:23.4.0] AndroidManifest.xml:48:13-43
113            android:exported="false" >
113-->[com.google.firebase:firebase-messaging:23.4.0] AndroidManifest.xml:49:13-37
114            <intent-filter android:priority="-500" >
114-->src\main\AndroidManifest.xml:35:13-37:29
115                <action android:name="com.google.firebase.MESSAGING_EVENT" />
115-->src\main\AndroidManifest.xml:36:17-78
115-->src\main\AndroidManifest.xml:36:25-75
116            </intent-filter>
117        </service>
118
119        <provider
119-->[com.google.firebase:firebase-common:20.4.2] AndroidManifest.xml:23:9-28:39
120            android:name="com.google.firebase.provider.FirebaseInitProvider"
120-->[com.google.firebase:firebase-common:20.4.2] AndroidManifest.xml:24:13-77
121            android:authorities="com.example.a24imbeded_sw.firebaseinitprovider"
121-->[com.google.firebase:firebase-common:20.4.2] AndroidManifest.xml:25:13-72
122            android:directBootAware="true"
122-->[com.google.firebase:firebase-common:20.4.2] AndroidManifest.xml:26:13-43
123            android:exported="false"
123-->[com.google.firebase:firebase-common:20.4.2] AndroidManifest.xml:27:13-37
124            android:initOrder="100" />
124-->[com.google.firebase:firebase-common:20.4.2] AndroidManifest.xml:28:13-36
125
126        <activity
126-->[com.google.android.gms:play-services-base:18.0.1] AndroidManifest.xml:20:9-22:45
127            android:name="com.google.android.gms.common.api.GoogleApiActivity"
127-->[com.google.android.gms:play-services-base:18.0.1] AndroidManifest.xml:20:19-85
128            android:exported="false"
128-->[com.google.android.gms:play-services-base:18.0.1] AndroidManifest.xml:22:19-43
129            android:theme="@android:style/Theme.Translucent.NoTitleBar" />
129-->[com.google.android.gms:play-services-base:18.0.1] AndroidManifest.xml:21:19-78
130
131        <uses-library
131-->[androidx.window:window:1.5.0] AndroidManifest.xml:23:9-25:40
132            android:name="androidx.window.extensions"
132-->[androidx.window:window:1.5.0] AndroidManifest.xml:24:13-54
133            android:required="false" />
133-->[androidx.window:window:1.5.0] AndroidManifest.xml:25:13-37
134        <uses-library
134-->[androidx.window:window:1.5.0] AndroidManifest.xml:26:9-28:40
135            android:name="androidx.window.sidecar"
135-->[androidx.window:window:1.5.0] AndroidManifest.xml:27:13-51
136            android:required="false" />
136-->[androidx.window:window:1.5.0] AndroidManifest.xml:28:13-37
137
138        <provider
138-->[androidx.emoji2:emoji2:1.4.0] AndroidManifest.xml:24:9-32:20
139            android:name="androidx.startup.InitializationProvider"
139-->[androidx.emoji2:emoji2:1.4.0] AndroidManifest.xml:25:13-67
140            android:authorities="com.example.a24imbeded_sw.androidx-startup"
140-->[androidx.emoji2:emoji2:1.4.0] AndroidManifest.xml:26:13-68
141            android:exported="false" >
141-->[androidx.emoji2:emoji2:1.4.0] AndroidManifest.xml:27:13-37
142            <meta-data
142-->[androidx.emoji2:emoji2:1.4.0] AndroidManifest.xml:29:13-31:52
143                android:name="androidx.emoji2.text.EmojiCompatInitializer"
143-->[androidx.emoji2:emoji2:1.4.0] AndroidManifest.xml:30:17-75
144                android:value="androidx.startup" />
144-->[androidx.emoji2:emoji2:1.4.0] AndroidManifest.xml:31:17-49
145            <meta-data
145-->[androidx.lifecycle:lifecycle-process:2.11.0] AndroidManifest.xml:29:13-31:52
146                android:name="androidx.lifecycle.ProcessLifecycleInitializer"
146-->[androidx.lifecycle:lifecycle-process:2.11.0] AndroidManifest.xml:30:17-78
147                android:value="androidx.startup" />
147-->[androidx.lifecycle:lifecycle-process:2.11.0] AndroidManifest.xml:31:17-49
148            <meta-data
148-->[androidx.profileinstaller:profileinstaller:1.4.0] AndroidManifest.xml:29:13-31:52
149                android:name="androidx.profileinstaller.ProfileInstallerInitializer"
149-->[androidx.profileinstaller:profileinstaller:1.4.0] AndroidManifest.xml:30:17-85
150                android:value="androidx.startup" />
150-->[androidx.profileinstaller:profileinstaller:1.4.0] AndroidManifest.xml:31:17-49
151        </provider>
152
153        <meta-data
153-->[com.google.android.gms:play-services-basement:18.1.0] AndroidManifest.xml:21:9-23:69
154            android:name="com.google.android.gms.version"
154-->[com.google.android.gms:play-services-basement:18.1.0] AndroidManifest.xml:22:13-58
155            android:value="@integer/google_play_services_version" />
155-->[com.google.android.gms:play-services-basement:18.1.0] AndroidManifest.xml:23:13-66
156
157        <activity
157-->[androidx.compose.ui:ui-test-manifest:1.10.4] AndroidManifest.xml:23:9-26:79
158            android:name="androidx.activity.ComponentActivity"
158-->[androidx.compose.ui:ui-test-manifest:1.10.4] AndroidManifest.xml:24:13-63
159            android:exported="true"
159-->[androidx.compose.ui:ui-test-manifest:1.10.4] AndroidManifest.xml:25:13-36
160            android:theme="@android:style/Theme.Material.Light.NoActionBar" />
160-->[androidx.compose.ui:ui-test-manifest:1.10.4] AndroidManifest.xml:26:13-76
161
162        <receiver
162-->[androidx.profileinstaller:profileinstaller:1.4.0] AndroidManifest.xml:34:9-52:20
163            android:name="androidx.profileinstaller.ProfileInstallReceiver"
163-->[androidx.profileinstaller:profileinstaller:1.4.0] AndroidManifest.xml:35:13-76
164            android:directBootAware="false"
164-->[androidx.profileinstaller:profileinstaller:1.4.0] AndroidManifest.xml:36:13-44
165            android:enabled="true"
165-->[androidx.profileinstaller:profileinstaller:1.4.0] AndroidManifest.xml:37:13-35
166            android:exported="true"
166-->[androidx.profileinstaller:profileinstaller:1.4.0] AndroidManifest.xml:38:13-36
167            android:permission="android.permission.DUMP" >
167-->[androidx.profileinstaller:profileinstaller:1.4.0] AndroidManifest.xml:39:13-57
168            <intent-filter>
168-->[androidx.profileinstaller:profileinstaller:1.4.0] AndroidManifest.xml:40:13-42:29
169                <action android:name="androidx.profileinstaller.action.INSTALL_PROFILE" />
169-->[androidx.profileinstaller:profileinstaller:1.4.0] AndroidManifest.xml:41:17-91
169-->[androidx.profileinstaller:profileinstaller:1.4.0] AndroidManifest.xml:41:25-88
170            </intent-filter>
171            <intent-filter>
171-->[androidx.profileinstaller:profileinstaller:1.4.0] AndroidManifest.xml:43:13-45:29
172                <action android:name="androidx.profileinstaller.action.SKIP_FILE" />
172-->[androidx.profileinstaller:profileinstaller:1.4.0] AndroidManifest.xml:44:17-85
172-->[androidx.profileinstaller:profileinstaller:1.4.0] AndroidManifest.xml:44:25-82
173            </intent-filter>
174            <intent-filter>
174-->[androidx.profileinstaller:profileinstaller:1.4.0] AndroidManifest.xml:46:13-48:29
175                <action android:name="androidx.profileinstaller.action.SAVE_PROFILE" />
175-->[androidx.profileinstaller:profileinstaller:1.4.0] AndroidManifest.xml:47:17-88
175-->[androidx.profileinstaller:profileinstaller:1.4.0] AndroidManifest.xml:47:25-85
176            </intent-filter>
177            <intent-filter>
177-->[androidx.profileinstaller:profileinstaller:1.4.0] AndroidManifest.xml:49:13-51:29
178                <action android:name="androidx.profileinstaller.action.BENCHMARK_OPERATION" />
178-->[androidx.profileinstaller:profileinstaller:1.4.0] AndroidManifest.xml:50:17-95
178-->[androidx.profileinstaller:profileinstaller:1.4.0] AndroidManifest.xml:50:25-92
179            </intent-filter>
180        </receiver>
181
182        <service
182-->[com.google.android.datatransport:transport-backend-cct:3.1.8] AndroidManifest.xml:28:9-34:19
183            android:name="com.google.android.datatransport.runtime.backends.TransportBackendDiscovery"
183-->[com.google.android.datatransport:transport-backend-cct:3.1.8] AndroidManifest.xml:29:13-103
184            android:exported="false" >
184-->[com.google.android.datatransport:transport-backend-cct:3.1.8] AndroidManifest.xml:30:13-37
185            <meta-data
185-->[com.google.android.datatransport:transport-backend-cct:3.1.8] AndroidManifest.xml:31:13-33:39
186                android:name="backend:com.google.android.datatransport.cct.CctBackendFactory"
186-->[com.google.android.datatransport:transport-backend-cct:3.1.8] AndroidManifest.xml:32:17-94
187                android:value="cct" />
187-->[com.google.android.datatransport:transport-backend-cct:3.1.8] AndroidManifest.xml:33:17-36
188        </service>
189        <service
189-->[com.google.android.datatransport:transport-runtime:3.1.8] AndroidManifest.xml:26:9-30:19
190            android:name="com.google.android.datatransport.runtime.scheduling.jobscheduling.JobInfoSchedulerService"
190-->[com.google.android.datatransport:transport-runtime:3.1.8] AndroidManifest.xml:27:13-117
191            android:exported="false"
191-->[com.google.android.datatransport:transport-runtime:3.1.8] AndroidManifest.xml:28:13-37
192            android:permission="android.permission.BIND_JOB_SERVICE" >
192-->[com.google.android.datatransport:transport-runtime:3.1.8] AndroidManifest.xml:29:13-69
193        </service>
194
195        <receiver
195-->[com.google.android.datatransport:transport-runtime:3.1.8] AndroidManifest.xml:32:9-34:40
196            android:name="com.google.android.datatransport.runtime.scheduling.jobscheduling.AlarmManagerSchedulerBroadcastReceiver"
196-->[com.google.android.datatransport:transport-runtime:3.1.8] AndroidManifest.xml:33:13-132
197            android:exported="false" />
197-->[com.google.android.datatransport:transport-runtime:3.1.8] AndroidManifest.xml:34:13-37
198    </application>
199
200</manifest>